2023-12-17 19:20:36 - INFO - log: 11 - ====== WebDriver manager ======
2023-12-17 19:20:36 - INFO - log: 11 - Get LATEST chromedriver version for google-chrome
2023-12-17 19:20:38 - INFO - log: 11 - Get LATEST chromedriver version for google-chrome
2023-12-17 19:20:38 - INFO - log: 11 - Driver [C:\Users\bonda\.wdm\drivers\chromedriver\win64\120.0.6099.71\chromedriver-win32/chromedriver.exe] found in cache
2023-12-17 19:20:39 - INFO - test_step_1: 11 - Тест 1 запущен
2023-12-17 19:20:41 - INFO - enter_text_into_field: 27 - Отправлено 'test' элементу Login form
2023-12-17 19:20:41 - INFO - enter_text_into_field: 27 - Отправлено 'test' элементу Password form
2023-12-17 19:20:41 - INFO - click_button: 69 - Нажимаем login кнопку
2023-12-17 19:20:42 - INFO - get_text_from_element: 53 - Мы находим текст 401 в поле error label
2023-12-17 19:20:42 - INFO - test_step2: 20 - Тест 2 запущен
2023-12-17 19:20:43 - INFO - enter_text_into_field: 27 - Отправлено 'mick' элементу Login form
2023-12-17 19:20:43 - INFO - enter_text_into_field: 27 - Отправлено '2ea7d215f8' элементу Password form
2023-12-17 19:20:43 - INFO - click_button: 69 - Нажимаем login кнопку
2023-12-17 19:20:45 - INFO - get_text_from_element: 53 - Мы находим текст Blog в поле We find text {text} in error field
2023-12-17 19:20:45 - INFO - test_step3: 32 - Тест 3 запущен
2023-12-17 19:20:45 - INFO - enter_text_into_field: 27 - Отправлено 'mick' элементу Login form
2023-12-17 19:20:48 - ERROR - find_element: 17 - Ошибка при поиске элемента
Traceback (most recent call last):
  File "C:\Users\bonda\YandexDisk\YandexDisk\Обучение\Automation_WEB_Python\Homework\BaseApp.py", line 14, in find_element
    element = WebDriverWait(self.driver, time).until(EC.presence_of_element_located(locator),
              ^^^^^^^^^^^^^^^^^^^^^^^^^^^^^^^^^^^^^^^^^^^^^^^^^^^^^^^^^^^^^^^^^^^^^^^^^^^^^^^
  File "C:\Users\bonda\YandexDisk\YandexDisk\Обучение\Automation_WEB_Python\venv\Lib\site-packages\selenium\webdriver\support\wait.py", line 101, in until
    raise TimeoutException(message, screen, stacktrace)
selenium.common.exceptions.TimeoutException: Message: Элемент с локатором ('xpath', '//*[@id="login"]/div[1]/label/input') не найден
Stacktrace:
	GetHandleVerifier [0x009C6E73+174291]
	(No symbol) [0x008F0AC1]
	(No symbol) [0x00606FF6]
	(No symbol) [0x00639876]
	(No symbol) [0x00639C2C]
	(No symbol) [0x0066BD42]
	(No symbol) [0x00657054]
	(No symbol) [0x0066A104]
	(No symbol) [0x00656DA6]
	(No symbol) [0x00631034]
	(No symbol) [0x00631F8D]
	GetHandleVerifier [0x00A649CC+820268]
	sqlite3_dbdata_init [0x00B24EBE+652494]
	sqlite3_dbdata_init [0x00B248D9+650985]
	sqlite3_dbdata_init [0x00B1962C+605244]
	sqlite3_dbdata_init [0x00B2586B+654971]
	(No symbol) [0x008FFEBC]
	(No symbol) [0x008F8428]
	(No symbol) [0x008F854D]
	(No symbol) [0x008E5858]
	BaseThreadInitThunk [0x75A27BA9+25]
	RtlInitializeExceptionChain [0x7744BD2B+107]
	RtlClearBits [0x7744BCAF+191]

2023-12-17 19:20:48 - ERROR - enter_text_into_field: 30 - Элемент ('xpath', '//*[@id="login"]/div[1]/label/input') не найден
2023-12-17 19:20:48 - INFO - enter_text_into_field: 27 - Отправлено '2ea7d215f8' элементу Password form
2023-12-17 19:20:51 - ERROR - find_element: 17 - Ошибка при поиске элемента
Traceback (most recent call last):
  File "C:\Users\bonda\YandexDisk\YandexDisk\Обучение\Automation_WEB_Python\Homework\BaseApp.py", line 14, in find_element
    element = WebDriverWait(self.driver, time).until(EC.presence_of_element_located(locator),
              ^^^^^^^^^^^^^^^^^^^^^^^^^^^^^^^^^^^^^^^^^^^^^^^^^^^^^^^^^^^^^^^^^^^^^^^^^^^^^^^
  File "C:\Users\bonda\YandexDisk\YandexDisk\Обучение\Automation_WEB_Python\venv\Lib\site-packages\selenium\webdriver\support\wait.py", line 101, in until
    raise TimeoutException(message, screen, stacktrace)
selenium.common.exceptions.TimeoutException: Message: Элемент с локатором ('xpath', '//*[@id="login"]/div[2]/label/input') не найден
Stacktrace:
	GetHandleVerifier [0x009C6E73+174291]
	(No symbol) [0x008F0AC1]
	(No symbol) [0x00606FF6]
	(No symbol) [0x00639876]
	(No symbol) [0x00639C2C]
	(No symbol) [0x0066BD42]
	(No symbol) [0x00657054]
	(No symbol) [0x0066A104]
	(No symbol) [0x00656DA6]
	(No symbol) [0x00631034]
	(No symbol) [0x00631F8D]
	GetHandleVerifier [0x00A649CC+820268]
	sqlite3_dbdata_init [0x00B24EBE+652494]
	sqlite3_dbdata_init [0x00B248D9+650985]
	sqlite3_dbdata_init [0x00B1962C+605244]
	sqlite3_dbdata_init [0x00B2586B+654971]
	(No symbol) [0x008FFEBC]
	(No symbol) [0x008F8428]
	(No symbol) [0x008F854D]
	(No symbol) [0x008E5858]
	BaseThreadInitThunk [0x75A27BA9+25]
	RtlInitializeExceptionChain [0x7744BD2B+107]
	RtlClearBits [0x7744BCAF+191]

2023-12-17 19:20:51 - ERROR - enter_text_into_field: 30 - Элемент ('xpath', '//*[@id="login"]/div[2]/label/input') не найден
2023-12-17 19:20:52 - INFO - click_button: 69 - Нажимаем login кнопку
2023-12-17 19:20:55 - ERROR - find_element: 17 - Ошибка при поиске элемента
Traceback (most recent call last):
  File "C:\Users\bonda\YandexDisk\YandexDisk\Обучение\Automation_WEB_Python\Homework\BaseApp.py", line 14, in find_element
    element = WebDriverWait(self.driver, time).until(EC.presence_of_element_located(locator),
              ^^^^^^^^^^^^^^^^^^^^^^^^^^^^^^^^^^^^^^^^^^^^^^^^^^^^^^^^^^^^^^^^^^^^^^^^^^^^^^^
  File "C:\Users\bonda\YandexDisk\YandexDisk\Обучение\Automation_WEB_Python\venv\Lib\site-packages\selenium\webdriver\support\wait.py", line 101, in until
    raise TimeoutException(message, screen, stacktrace)
selenium.common.exceptions.TimeoutException: Message: Элемент с локатором ('xpath', '//*[@id="create-btn"]') не найден
Stacktrace:
	GetHandleVerifier [0x009C6E73+174291]
	(No symbol) [0x008F0AC1]
	(No symbol) [0x00606FF6]
	(No symbol) [0x00639876]
	(No symbol) [0x00639C2C]
	(No symbol) [0x0066BD42]
	(No symbol) [0x00657054]
	(No symbol) [0x0066A104]
	(No symbol) [0x00656DA6]
	(No symbol) [0x00631034]
	(No symbol) [0x00631F8D]
	GetHandleVerifier [0x00A649CC+820268]
	sqlite3_dbdata_init [0x00B24EBE+652494]
	sqlite3_dbdata_init [0x00B248D9+650985]
	sqlite3_dbdata_init [0x00B1962C+605244]
	sqlite3_dbdata_init [0x00B2586B+654971]
	(No symbol) [0x008FFEBC]
	(No symbol) [0x008F8428]
	(No symbol) [0x008F854D]
	(No symbol) [0x008E5858]
	BaseThreadInitThunk [0x75A27BA9+25]
	RtlInitializeExceptionChain [0x7744BD2B+107]
	RtlClearBits [0x7744BCAF+191]

2023-12-17 19:20:55 - INFO - enter_text_into_field: 27 - Отправлено 'new title' элементу Send new title to element
2023-12-17 19:20:55 - INFO - enter_text_into_field: 27 - Отправлено 'content' элементу post content form
2023-12-17 19:20:55 - INFO - click_button: 69 - Нажимаем save post кнопку
2023-12-17 19:20:58 - INFO - get_text_from_element: 53 - Мы находим текст new title в поле error create
2023-12-17 19:20:58 - INFO - test_step_4: 53 - Тест 4 запущен
2023-12-17 19:20:58 - INFO - enter_text_into_field: 27 - Отправлено 'mick' элементу Login form
2023-12-17 19:21:01 - ERROR - find_element: 17 - Ошибка при поиске элемента
Traceback (most recent call last):
  File "C:\Users\bonda\YandexDisk\YandexDisk\Обучение\Automation_WEB_Python\Homework\BaseApp.py", line 14, in find_element
    element = WebDriverWait(self.driver, time).until(EC.presence_of_element_located(locator),
              ^^^^^^^^^^^^^^^^^^^^^^^^^^^^^^^^^^^^^^^^^^^^^^^^^^^^^^^^^^^^^^^^^^^^^^^^^^^^^^^
  File "C:\Users\bonda\YandexDisk\YandexDisk\Обучение\Automation_WEB_Python\venv\Lib\site-packages\selenium\webdriver\support\wait.py", line 101, in until
    raise TimeoutException(message, screen, stacktrace)
selenium.common.exceptions.TimeoutException: Message: Элемент с локатором ('xpath', '//*[@id="login"]/div[1]/label/input') не найден
Stacktrace:
	GetHandleVerifier [0x009C6E73+174291]
	(No symbol) [0x008F0AC1]
	(No symbol) [0x00606FF6]
	(No symbol) [0x00639876]
	(No symbol) [0x00639C2C]
	(No symbol) [0x0066BD42]
	(No symbol) [0x00657054]
	(No symbol) [0x0066A104]
	(No symbol) [0x00656DA6]
	(No symbol) [0x00631034]
	(No symbol) [0x00631F8D]
	GetHandleVerifier [0x00A649CC+820268]
	sqlite3_dbdata_init [0x00B24EBE+652494]
	sqlite3_dbdata_init [0x00B248D9+650985]
	sqlite3_dbdata_init [0x00B1962C+605244]
	sqlite3_dbdata_init [0x00B2586B+654971]
	(No symbol) [0x008FFEBC]
	(No symbol) [0x008F8428]
	(No symbol) [0x008F854D]
	(No symbol) [0x008E5858]
	BaseThreadInitThunk [0x75A27BA9+25]
	RtlInitializeExceptionChain [0x7744BD2B+107]
	RtlClearBits [0x7744BCAF+191]

2023-12-17 19:21:01 - ERROR - enter_text_into_field: 30 - Элемент ('xpath', '//*[@id="login"]/div[1]/label/input') не найден
2023-12-17 19:21:01 - INFO - enter_text_into_field: 27 - Отправлено '2ea7d215f8' элементу Password form
2023-12-17 19:21:04 - ERROR - find_element: 17 - Ошибка при поиске элемента
Traceback (most recent call last):
  File "C:\Users\bonda\YandexDisk\YandexDisk\Обучение\Automation_WEB_Python\Homework\BaseApp.py", line 14, in find_element
    element = WebDriverWait(self.driver, time).until(EC.presence_of_element_located(locator),
              ^^^^^^^^^^^^^^^^^^^^^^^^^^^^^^^^^^^^^^^^^^^^^^^^^^^^^^^^^^^^^^^^^^^^^^^^^^^^^^^
  File "C:\Users\bonda\YandexDisk\YandexDisk\Обучение\Automation_WEB_Python\venv\Lib\site-packages\selenium\webdriver\support\wait.py", line 101, in until
    raise TimeoutException(message, screen, stacktrace)
selenium.common.exceptions.TimeoutException: Message: Элемент с локатором ('xpath', '//*[@id="login"]/div[2]/label/input') не найден
Stacktrace:
	GetHandleVerifier [0x009C6E73+174291]
	(No symbol) [0x008F0AC1]
	(No symbol) [0x00606FF6]
	(No symbol) [0x00639876]
	(No symbol) [0x00639C2C]
	(No symbol) [0x0066BD42]
	(No symbol) [0x00657054]
	(No symbol) [0x0066A104]
	(No symbol) [0x00656DA6]
	(No symbol) [0x00631034]
	(No symbol) [0x00631F8D]
	GetHandleVerifier [0x00A649CC+820268]
	sqlite3_dbdata_init [0x00B24EBE+652494]
	sqlite3_dbdata_init [0x00B248D9+650985]
	sqlite3_dbdata_init [0x00B1962C+605244]
	sqlite3_dbdata_init [0x00B2586B+654971]
	(No symbol) [0x008FFEBC]
	(No symbol) [0x008F8428]
	(No symbol) [0x008F854D]
	(No symbol) [0x008E5858]
	BaseThreadInitThunk [0x75A27BA9+25]
	RtlInitializeExceptionChain [0x7744BD2B+107]
	RtlClearBits [0x7744BCAF+191]

2023-12-17 19:21:04 - ERROR - enter_text_into_field: 30 - Элемент ('xpath', '//*[@id="login"]/div[2]/label/input') не найден
2023-12-17 19:21:04 - INFO - click_button: 69 - Нажимаем login кнопку
2023-12-17 19:21:04 - INFO - click_button: 69 - Нажимаем contact save кнопку
2023-12-17 19:21:06 - INFO - enter_text_into_field: 27 - Отправлено 'ivan' элементу name form
2023-12-17 19:21:06 - INFO - enter_text_into_field: 27 - Отправлено 'test@mail.ru' элементу email form
2023-12-17 19:21:07 - INFO - enter_text_into_field: 27 - Отправлено 'Hello World' элементу contact content form
2023-12-17 19:21:09 - INFO - click_button: 69 - Нажимаем Click contact button кнопку
2023-12-17 19:21:14 - INFO - test_step5: 74 - Тест 5 запущен
